16/10/2018 22:31:55 Error en LoadUser. N: - 0-
16/10/2018 22:32:07 Error en SeFue user:Aleneon
16/10/2018 22:32:44 Error en LoadUser. N: - 0-
16/10/2018 22:33:15 Error en SeFue user:Gelfor
16/10/2018 22:33:55 Error en LoadUser. N: - 0-
16/10/2018 22:34:25 Error en SeFue user:Gelfor
16/10/2018 22:34:57 Error en LoadUser. N: - 0-
16/10/2018 22:35:28 Error en SeFue user:Gelfor
16/10/2018 22:36:33 Error en LoadUser. N: - 0-
16/10/2018 22:37:04 Error en SeFue user:Gelfor
16/10/2018 23:18:19 Error en LoadUser. N: - 0-
16/10/2018 23:18:50 Error en SeFue user:gelfor
16/10/2018 23:25:41 Error en LoadUser. N: - 0-
16/10/2018 23:26:16 Error en SeFue user:Gelfor
16/10/2018 23:28:24 Error en LoadUser. N: - 0-
16/10/2018 23:28:59 Error en SeFue user:Gelfor
16/10/2018 23:29:04 Error en LoadUser. N: - 0-
16/10/2018 23:31:44 Error en SeFue user:Gelfor
16/10/2018 23:44:09 Error en LoadUser. N: - 0-
16/10/2018 23:44:14 Error en SeFue user:Gelfor
16/10/2018 23:46:35 Error en LoadUser. N: - 0-
16/10/2018 23:46:39 Error en SeFue user:Gelfor
16/10/2018 23:46:45 Error en LoadUser. N: - 0-
16/10/2018 23:46:47 Error en SeFue user:Gelfor
16/10/2018 23:47:05 Error en LoadUser. N: - 0-
16/10/2018 23:47:08 Error en SeFue user:Gelfor
16/10/2018 23:49:57 Error en LoadUser. N: - 0-
16/10/2018 23:50:00 Error en SeFue user:Gelfor
16/10/2018 23:51:07 Error en LoadUser. N: - 0-
16/10/2018 23:51:10 Error en SeFue user:Gelfor
16/10/2018 23:53:42 Error en LoadUser. N: - 0-
16/10/2018 23:53:44 Error en SeFue user:Gelfor
16/10/2018 23:54:09 Error en LoadUser. N: - 0-
16/10/2018 23:54:12 Error en SeFue user:Gelfor
16/10/2018 23:54:37 Error en LoadUser. N: - 0-
16/10/2018 23:54:39 Error en SeFue user:Gelfor
16/10/2018 23:55:13 Error en LoadUser. N: - 0-
16/10/2018 23:55:15 Error en SeFue user:Gelfor
16/10/2018 23:56:04 Error en LoadUser. N: - 0-
16/10/2018 23:56:07 Error en SeFue user:Gelfor
17/10/2018 00:01:03 Error en LoadUser. N: - 0-
17/10/2018 00:01:08 Error en SeFue user:Gelfor
17/10/2018 00:50:40 Error en LoadUser. N: - 0-
17/10/2018 00:51:10 Error en SeFue user:gelfor
17/10/2018 00:51:18 Error en LoadUser. N: - 0-
17/10/2018 00:51:48 Error en SeFue user:Gelfor
17/10/2018 00:51:51 Error en LoadUser. N: - 0-
17/10/2018 00:52:22 Error en SeFue user:Gelfor
17/10/2018 00:52:25 Error en LoadUser. N: - 0-
17/10/2018 00:52:55 Error en SeFue user:gelfor
17/10/2018 00:58:57 Error en LoadUser. N: - 0-
17/10/2018 00:59:28 Error en SeFue user:gelfor
17/10/2018 06:16:01 Error en LoadUser. N: - 0-
17/10/2018 06:16:32 Error en SeFue user:aleneon
