16/10/2018 22:32:44 Se conecto con ip:127.0.0.1 HD> 882330897 MotherNumber> To be filled by O.E.M.
16/10/2018 22:33:55 Se conecto con ip:127.0.0.1 HD> 882330897 MotherNumber> To be filled by O.E.M.
16/10/2018 22:34:57 Se conecto con ip:127.0.0.1 HD> 882330897 MotherNumber> To be filled by O.E.M.
16/10/2018 22:35:15 /mod gelfor exp@99999999999
16/10/2018 22:35:17 /mod gelfor exp@99999999999
16/10/2018 22:36:33 Se conecto con ip:127.0.0.1 HD> 882330897 MotherNumber> To be filled by O.E.M.
16/10/2018 22:36:45 /mod gelfor exp@999999
16/10/2018 23:18:19 Se conecto con ip:127.0.0.1 HD> 882330897 MotherNumber> To be filled by O.E.M.
16/10/2018 23:18:30 /mod yo exp 999999
16/10/2018 23:18:35 /mod gelfor exp 999999
16/10/2018 23:25:41 Se conecto con ip:127.0.0.1 HD> 882330897 MotherNumber> To be filled by O.E.M.
16/10/2018 23:25:48 /TELEPLOC a x:58 Y:55 Map:1
16/10/2018 23:25:49 /TELEPLOC a x:60 Y:52 Map:1
16/10/2018 23:25:49 /TELEPLOC a x:60 Y:48 Map:1
16/10/2018 23:25:50 /TELEPLOC a x:56 Y:45 Map:1
16/10/2018 23:25:52 /TELEPLOC a x:48 Y:41 Map:1
16/10/2018 23:25:53 /TELEPLOC a x:51 Y:45 Map:1
16/10/2018 23:25:53 /TELEPLOC a x:57 Y:48 Map:1
16/10/2018 23:28:24 Se conecto con ip:127.0.0.1 HD> 882330897 MotherNumber> To be filled by O.E.M.
16/10/2018 23:28:39 Transporto a Gelfor hacia Mapa81 X:0 Y:0
16/10/2018 23:28:44 Transporto a Gelfor hacia Mapa90 X:0 Y:0
16/10/2018 23:29:04 Se conecto con ip:127.0.0.1 HD> 882330897 MotherNumber> To be filled by O.E.M.
16/10/2018 23:29:12 Transporto a Gelfor hacia Mapa1 X:0 Y:0
16/10/2018 23:29:13 Transporto a Gelfor hacia Mapa2 X:0 Y:0
16/10/2018 23:29:14 Transporto a Gelfor hacia Mapa3 X:0 Y:0
16/10/2018 23:29:15 Transporto a Gelfor hacia Mapa4 X:0 Y:0
16/10/2018 23:29:17 Transporto a Gelfor hacia Mapa5 X:0 Y:0
16/10/2018 23:29:18 Transporto a Gelfor hacia Mapa6 X:0 Y:0
16/10/2018 23:29:19 Transporto a Gelfor hacia Mapa10 X:0 Y:0
16/10/2018 23:29:20 Transporto a Gelfor hacia Mapa111 X:0 Y:0
16/10/2018 23:29:22 Transporto a Gelfor hacia Mapa150 X:0 Y:0
16/10/2018 23:29:24 Transporto a Gelfor hacia Mapa1 X:0 Y:0
16/10/2018 23:29:25 Transporto a Gelfor hacia Mapa2 X:0 Y:0
16/10/2018 23:29:27 Transporto a Gelfor hacia Mapa3 X:0 Y:0
16/10/2018 23:44:09 Se conecto con ip:127.0.0.1 HD> 882330897 MotherNumber> To be filled by O.E.M.
16/10/2018 23:46:35 Se conecto con ip:127.0.0.1 HD> 882330897 MotherNumber> To be filled by O.E.M.
16/10/2018 23:46:44 Se conecto con ip:127.0.0.1 HD> 882330897 MotherNumber> To be filled by O.E.M.
16/10/2018 23:47:05 Se conecto con ip:127.0.0.1 HD> 882330897 MotherNumber> To be filled by O.E.M.
16/10/2018 23:49:57 Se conecto con ip:127.0.0.1 HD> 882330897 MotherNumber> To be filled by O.E.M.
16/10/2018 23:51:07 Se conecto con ip:127.0.0.1 HD> 882330897 MotherNumber> To be filled by O.E.M.
16/10/2018 23:53:42 Se conecto con ip:127.0.0.1 HD> 882330897 MotherNumber> To be filled by O.E.M.
16/10/2018 23:54:09 Se conecto con ip:127.0.0.1 HD> 882330897 MotherNumber> To be filled by O.E.M.
16/10/2018 23:54:37 Se conecto con ip:127.0.0.1 HD> 882330897 MotherNumber> To be filled by O.E.M.
16/10/2018 23:55:13 Se conecto con ip:127.0.0.1 HD> 882330897 MotherNumber> To be filled by O.E.M.
16/10/2018 23:56:04 Se conecto con ip:127.0.0.1 HD> 882330897 MotherNumber> To be filled by O.E.M.
17/10/2018 00:01:03 Se conecto con ip:127.0.0.1 HD> 882330897 MotherNumber> To be filled by O.E.M.
17/10/2018 00:50:40 Se conecto con ip:127.0.0.1 HD> 882330897 MotherNumber> To be filled by O.E.M.
17/10/2018 00:50:56 /mod gelfor exp 999999
17/10/2018 00:50:58 /mod gelfor exp 999999
17/10/2018 00:51:18 Se conecto con ip:127.0.0.1 HD> 882330897 MotherNumber> To be filled by O.E.M.
17/10/2018 00:51:21 /mod gelfor exp 999999
17/10/2018 00:51:22 /mod gelfor exp 999999
17/10/2018 00:51:22 /mod gelfor exp 999999
17/10/2018 00:51:22 /mod gelfor exp 999999
17/10/2018 00:51:23 /mod gelfor exp 999999
17/10/2018 00:51:23 /mod gelfor exp 999999
17/10/2018 00:51:24 /mod gelfor exp 999999
17/10/2018 00:51:24 /mod gelfor exp 999999
17/10/2018 00:51:25 /mod gelfor exp 999999
17/10/2018 00:51:25 /mod gelfor exp 999999
17/10/2018 00:51:36 /mod gelfor mex 999999
17/10/2018 00:51:37 /mod gelfor mex 999999
17/10/2018 00:51:37 /mod gelfor mex 999999
17/10/2018 00:51:38 /mod gelfor mex 999999
17/10/2018 00:51:38 /mod gelfor mex 999999
17/10/2018 00:51:39 /mod gelfor mex 999999
17/10/2018 00:51:39 /mod gelfor mex 999999
17/10/2018 00:51:40 /mod gelfor mex 999999
17/10/2018 00:51:40 /mod gelfor mex 999999
17/10/2018 00:51:41 /mod gelfor mex 999999
17/10/2018 00:51:41 /mod gelfor mex 999999
17/10/2018 00:51:42 /mod gelfor mex 999999
17/10/2018 00:51:42 /mod gelfor mex 999999
17/10/2018 00:51:43 /mod gelfor mex 999999
17/10/2018 00:51:51 Se conecto con ip:127.0.0.1 HD> 882330897 MotherNumber> To be filled by O.E.M.
17/10/2018 00:51:53 /mod gelfor mex 999999
17/10/2018 00:51:54 /mod gelfor mex 999999
17/10/2018 00:51:54 /mod gelfor mex 999999
17/10/2018 00:51:55 /mod gelfor mex 999999
17/10/2018 00:51:55 /mod gelfor mex 999999
17/10/2018 00:51:56 /mod gelfor mex 999999
17/10/2018 00:52:02 /mod gelfor mex 9999999999999
17/10/2018 00:52:06 /mod gelfor mex 9999999999999
17/10/2018 00:52:07 /mod gelfor mex 9999999999999
17/10/2018 00:52:08 /mod gelfor mex 9999999999999
17/10/2018 00:52:08 /mod gelfor mex 9999999999999
17/10/2018 00:52:09 /mod gelfor mex 9999999999999
17/10/2018 00:52:09 /mod gelfor mex 9999999999999
17/10/2018 00:52:10 /mod gelfor mex 9999999999999
17/10/2018 00:52:10 /mod gelfor mex 9999999999999
17/10/2018 00:52:11 /mod gelfor mex 9999999999999
17/10/2018 00:52:11 /mod gelfor mex 9999999999999
17/10/2018 00:52:12 /mod gelfor mex 9999999999999
17/10/2018 00:52:12 /mod gelfor mex 9999999999999
17/10/2018 00:52:12 /mod gelfor mex 9999999999999
17/10/2018 00:52:13 /mod gelfor mex 9999999999999
17/10/2018 00:52:13 /mod gelfor mex 9999999999999
17/10/2018 00:52:14 /mod gelfor mex 9999999999999
17/10/2018 00:52:14 /mod gelfor mex 9999999999999
17/10/2018 00:52:15 /mod gelfor mex 9999999999999
17/10/2018 00:52:15 /mod gelfor mex 9999999999999
17/10/2018 00:52:16 /mod gelfor mex 9999999999999
17/10/2018 00:52:16 /mod gelfor mex 9999999999999
17/10/2018 00:52:25 Se conecto con ip:127.0.0.1 HD> 882330897 MotherNumber> To be filled by O.E.M.
17/10/2018 00:52:28 /mod gelfor mex 9999999999999
17/10/2018 00:52:29 /mod gelfor mex 9999999999999
17/10/2018 00:52:29 /mod gelfor mex 9999999999999
17/10/2018 00:52:30 /mod gelfor mex 9999999999999
17/10/2018 00:52:30 /mod gelfor mex 9999999999999
17/10/2018 00:58:57 Se conecto con ip:127.0.0.1 HD> 882330897 MotherNumber> To be filled by O.E.M.
17/10/2018 00:59:02 /TELEPLOC a x:53 Y:55 Map:3
17/10/2018 00:59:03 /TELEPLOC a x:56 Y:52 Map:3
17/10/2018 00:59:04 /TELEPLOC a x:57 Y:48 Map:3
17/10/2018 00:59:04 /TELEPLOC a x:55 Y:44 Map:3
17/10/2018 00:59:05 /TELEPLOC a x:52 Y:41 Map:3
17/10/2018 00:59:06 Transporto a gelfor hacia Mapa86 X:50 Y:50
17/10/2018 00:59:07 /TELEPLOC a x:54 Y:54 Map:86
17/10/2018 00:59:07 /TELEPLOC a x:58 Y:57 Map:86
17/10/2018 00:59:09 /TELEPLOC a x:57 Y:53 Map:86
17/10/2018 00:59:12 Transporto a gelfor hacia Mapa149 X:50 Y:50
17/10/2018 00:59:15 Transporto a gelfor hacia Mapa1 X:50 Y:50
17/10/2018 00:59:16 Transporto a gelfor hacia Mapa98 X:46 Y:33
17/10/2018 00:59:17 Transporto a gelfor hacia Mapa112 X:21 Y:74
17/10/2018 00:59:17 Transporto a gelfor hacia Mapa34 X:38 Y:59
17/10/2018 00:59:18 Transporto a gelfor hacia Mapa59 X:50 Y:50
17/10/2018 00:59:19 Transporto a gelfor hacia Mapa160 X:50 Y:50
