Línea 17: la clase WorldEditor.lvButtons_H del control cmdAdd no era una clase de control cargada.
Línea 59: la clase WorldEditor.lvButtons_H del control cmdDel no era una clase de control cargada.
Línea 84: la clase WorldEditor.lvButtons_H del control cmdView no era una clase de control cargada.
Línea 23: el nombre de la propiedad _ExtentX de cmdAdd no es válido.
Línea 24: el nombre de la propiedad _ExtentY de cmdAdd no es válido.
Línea 25: el nombre de la propiedad Caption de cmdAdd no es válido.
Línea 26: el nombre de la propiedad CapAlign de cmdAdd no es válido.
Línea 27: el nombre de la propiedad BackStyle de cmdAdd no es válido.
Línea 37: el nombre de la propiedad cGradient de cmdAdd no es válido.
Línea 38: el nombre de la propiedad Mode de cmdAdd no es válido.
Línea 39: el nombre de la propiedad Value de cmdAdd no es válido.
Línea 40: el nombre de la propiedad cBack de cmdAdd no es válido.
Línea 65: el nombre de la propiedad _ExtentX de cmdDel no es válido.
Línea 66: el nombre de la propiedad _ExtentY de cmdDel no es válido.
Línea 67: el nombre de la propiedad Caption de cmdDel no es válido.
Línea 68: el nombre de la propiedad CapAlign de cmdDel no es válido.
Línea 69: el nombre de la propiedad BackStyle de cmdDel no es válido.
Línea 79: el nombre de la propiedad cGradient de cmdDel no es válido.
Línea 80: el nombre de la propiedad Mode de cmdDel no es válido.
Línea 81: el nombre de la propiedad Value de cmdDel no es válido.
Línea 82: el nombre de la propiedad cBack de cmdDel no es válido.
Línea 90: el nombre de la propiedad _ExtentX de cmdView no es válido.
Línea 91: el nombre de la propiedad _ExtentY de cmdView no es válido.
Línea 92: el nombre de la propiedad Caption de cmdView no es válido.
Línea 93: el nombre de la propiedad CapAlign de cmdView no es válido.
Línea 94: el nombre de la propiedad BackStyle de cmdView no es válido.
Línea 104: el nombre de la propiedad cGradient de cmdView no es válido.
Línea 105: el nombre de la propiedad Mode de cmdView no es válido.
Línea 106: el nombre de la propiedad Value de cmdView no es válido.
Línea 107: el nombre de la propiedad cBack de cmdView no es válido.
